2023-02-10 오후 4:32:49 | 작업 시작!
2023-02-10 오후 4:32:49 | 그리드 세팅 작업 시작!
2023-02-10 오후 4:32:49 | 그리드 세팅 완료!
2023-02-10 오후 4:32:58 | 조회 버튼 클릭!
2023-02-10 오후 4:33:01 | 브라우저 열기!
2023-02-10 오후 4:33:07 | 조회일자 확인!
2023-02-10 오후 4:33:08 | 조회일자와 오늘 날짜가 같기 때문에 데이터 자동 수집 시작!
2023-02-10 오후 4:33:08 | 평가사 평균 콤보박스 세팅!
2023-02-10 오후 4:33:09 | 체크할 평가사 확인 : 나이스
피앤아이
2023-02-10 오후 4:33:09 | 나이스
피앤아이클릭 진행!
2023-02-10 오후 4:33:09 | 체크할 평가사 확인 : 한국
자산평가
2023-02-10 오후 4:33:09 | 한국
자산평가클릭 진행!
2023-02-10 오후 4:33:10 | 체크할 평가사 확인 : KIS
자산평가
2023-02-10 오후 4:33:10 | KIS
자산평가클릭 진행!
2023-02-10 오후 4:33:10 | 체크할 평가사 확인 : 에프앤
자산평가
2023-02-10 오후 4:33:11 | 에프앤
자산평가클릭 진행!
2023-02-10 오후 4:33:11 | 조회 버튼 클릭!
2023-02-10 오후 4:33:12 | 엑셀 다운로드 완료!
2023-02-10 오후 4:33:15 | 다운로드 폴더에서 실행 폴더로 파일 복사!
2023-02-10 오후 4:33:15 | 데이터 자동 수집 진행 시작!
2023-02-10 오후 4:34:15 | 데이터 자동 수집 진행 완료!
