2023-03-27 오후 2:57:29 | 작업 시작!
2023-03-27 오후 2:57:29 | 그리드 세팅 작업 시작!
2023-03-27 오후 2:57:30 | 그리드 세팅 완료!
2023-03-27 오후 2:58:30 | 조회 버튼 클릭!
2023-03-27 오후 2:58:33 | 브라우저 열기!
2023-03-27 오후 2:58:39 | 조회일자 확인!
2023-03-27 오후 2:58:40 | 조회일자와 오늘 날짜가 같기 때문에 데이터 자동 수집 시작!
2023-03-27 오후 2:58:40 | 평가사 평균 콤보박스 세팅!
2023-03-27 오후 2:58:41 | 체크할 평가사 확인 : 나이스
피앤아이
2023-03-27 오후 2:58:41 | 나이스
피앤아이클릭 진행!
2023-03-27 오후 2:58:41 | 체크할 평가사 확인 : 한국
자산평가
2023-03-27 오후 2:58:41 | 한국
자산평가클릭 진행!
2023-03-27 오후 2:58:42 | 체크할 평가사 확인 : KIS
자산평가
2023-03-27 오후 2:58:42 | KIS
자산평가클릭 진행!
2023-03-27 오후 2:58:43 | 체크할 평가사 확인 : 에프앤
자산평가
2023-03-27 오후 2:58:43 | 에프앤
자산평가클릭 진행!
2023-03-27 오후 2:58:43 | 조회 버튼 클릭!
2023-03-27 오후 2:58:45 | 엑셀 다운로드 완료!
2023-03-27 오후 2:58:47 | 다운로드 폴더에서 실행 폴더로 파일 복사!
2023-03-27 오후 2:58:47 | 데이터 자동 수집 진행 시작!
2023-03-27 오후 2:59:50 | 데이터 자동 수집 진행 완료!
