2023-02-24 오후 6:46:09 | 작업 시작!
2023-02-24 오후 6:46:09 | 그리드 세팅 작업 시작!
2023-02-24 오후 6:46:10 | 그리드 세팅 완료!
2023-02-24 오후 6:46:13 | 조회 버튼 클릭!
2023-02-24 오후 6:46:15 | 브라우저 열기!
2023-02-24 오후 6:46:22 | 조회일자 확인!
2023-02-24 오후 6:46:22 | 조회일자와 오늘 날짜가 같기 때문에 데이터 자동 수집 시작!
2023-02-24 오후 6:46:22 | 평가사 평균 콤보박스 세팅!
2023-02-24 오후 6:46:23 | 체크할 평가사 확인 : 나이스
피앤아이
2023-02-24 오후 6:46:23 | 나이스
피앤아이클릭 진행!
2023-02-24 오후 6:46:24 | 체크할 평가사 확인 : 한국
자산평가
2023-02-24 오후 6:46:24 | 한국
자산평가클릭 진행!
2023-02-24 오후 6:46:24 | 체크할 평가사 확인 : KIS
자산평가
2023-02-24 오후 6:46:24 | KIS
자산평가클릭 진행!
2023-02-24 오후 6:46:25 | 체크할 평가사 확인 : 에프앤
자산평가
2023-02-24 오후 6:46:25 | 에프앤
자산평가클릭 진행!
2023-02-24 오후 6:46:26 | 조회 버튼 클릭!
2023-02-24 오후 6:46:27 | 엑셀 다운로드 완료!
2023-02-24 오후 6:46:29 | 다운로드 폴더에서 실행 폴더로 파일 복사!
2023-02-24 오후 6:46:29 | 데이터 자동 수집 진행 시작!
2023-02-24 오후 6:47:15 | 데이터 자동 수집 진행 완료!
