2023-03-31 오후 6:10:01 | 작업 시작!
2023-03-31 오후 6:10:01 | 그리드 세팅 작업 시작!
2023-03-31 오후 6:10:02 | 그리드 세팅 완료!
2023-03-31 오후 6:10:06 | 조회 버튼 클릭!
2023-03-31 오후 6:10:09 | 브라우저 열기!
2023-03-31 오후 6:10:15 | 조회일자 확인!
2023-03-31 오후 6:10:15 | 조회일자와 오늘 날짜가 같기 때문에 데이터 자동 수집 시작!
2023-03-31 오후 6:10:16 | 평가사 평균 콤보박스 세팅!
2023-03-31 오후 6:10:17 | 체크할 평가사 확인 : 나이스
피앤아이
2023-03-31 오후 6:10:17 | 나이스
피앤아이클릭 진행!
2023-03-31 오후 6:10:17 | 체크할 평가사 확인 : 한국
자산평가
2023-03-31 오후 6:10:17 | 한국
자산평가클릭 진행!
2023-03-31 오후 6:10:18 | 체크할 평가사 확인 : KIS
자산평가
2023-03-31 오후 6:10:18 | KIS
자산평가클릭 진행!
2023-03-31 오후 6:10:18 | 체크할 평가사 확인 : 에프앤
자산평가
2023-03-31 오후 6:10:18 | 에프앤
자산평가클릭 진행!
2023-03-31 오후 6:10:19 | 조회 버튼 클릭!
2023-03-31 오후 6:10:20 | 엑셀 다운로드 완료!
2023-03-31 오후 6:10:23 | 다운로드 폴더에서 실행 폴더로 파일 복사!
2023-03-31 오후 6:10:23 | 데이터 자동 수집 진행 시작!
2023-03-31 오후 6:12:26 | 데이터 자동 수집 진행 완료!
