2023-03-10 오후 5:59:24 | 작업 시작!
2023-03-10 오후 5:59:24 | 그리드 세팅 작업 시작!
2023-03-10 오후 5:59:24 | 그리드 세팅 완료!
2023-03-10 오후 5:59:27 | 조회 버튼 클릭!
2023-03-10 오후 5:59:30 | 브라우저 열기!
2023-03-10 오후 5:59:37 | 조회일자 확인!
2023-03-10 오후 5:59:37 | 조회일자와 오늘 날짜가 같기 때문에 데이터 자동 수집 시작!
2023-03-10 오후 5:59:37 | 평가사 평균 콤보박스 세팅!
2023-03-10 오후 5:59:38 | 체크할 평가사 확인 : 나이스
피앤아이
2023-03-10 오후 5:59:38 | 나이스
피앤아이클릭 진행!
2023-03-10 오후 5:59:38 | 체크할 평가사 확인 : 한국
자산평가
2023-03-10 오후 5:59:39 | 한국
자산평가클릭 진행!
2023-03-10 오후 5:59:39 | 체크할 평가사 확인 : KIS
자산평가
2023-03-10 오후 5:59:39 | KIS
자산평가클릭 진행!
2023-03-10 오후 5:59:40 | 체크할 평가사 확인 : 에프앤
자산평가
2023-03-10 오후 5:59:40 | 에프앤
자산평가클릭 진행!
2023-03-10 오후 5:59:41 | 조회 버튼 클릭!
2023-03-10 오후 5:59:42 | 엑셀 다운로드 완료!
2023-03-10 오후 5:59:44 | 다운로드 폴더에서 실행 폴더로 파일 복사!
2023-03-10 오후 5:59:44 | 데이터 자동 수집 진행 시작!
2023-03-10 오후 6:48:56 | 데이터 자동 수집 진행 완료!
