2023-01-27 오후 7:42:36 | 작업 시작!
2023-01-27 오후 7:42:36 | 그리드 세팅 작업 시작!
2023-01-27 오후 7:42:37 | 그리드 세팅 완료!
2023-01-27 오후 7:42:50 | 조회 버튼 클릭!
2023-01-27 오후 7:42:53 | 브라우저 열기!
2023-01-27 오후 7:43:00 | 조회일자 확인!
2023-01-27 오후 7:43:04 | 조회일자와 오늘 날짜가 같기 때문에 데이터 자동 수집 시작!
2023-01-27 오후 7:43:04 | 평가사 평균 콤보박스 세팅!
2023-01-27 오후 7:43:05 | 체크할 평가사 확인 : 나이스
피앤아이
2023-01-27 오후 7:43:05 | 나이스
피앤아이클릭 진행!
2023-01-27 오후 7:43:05 | 체크할 평가사 확인 : 한국
자산평가
2023-01-27 오후 7:43:06 | 한국
자산평가클릭 진행!
2023-01-27 오후 7:43:06 | 체크할 평가사 확인 : KIS
자산평가
2023-01-27 오후 7:43:06 | KIS
자산평가클릭 진행!
2023-01-27 오후 7:43:07 | 체크할 평가사 확인 : 에프앤
자산평가
2023-01-27 오후 7:43:07 | 에프앤
자산평가클릭 진행!
2023-01-27 오후 7:43:08 | 조회 버튼 클릭!
2023-01-27 오후 7:43:09 | 엑셀 다운로드 완료!
2023-01-27 오후 7:43:11 | 다운로드 폴더에서 실행 폴더로 파일 복사!
2023-01-27 오후 7:43:11 | 데이터 자동 수집 진행 시작!
2023-01-27 오후 7:45:01 | 데이터 자동 수집 진행 완료!
