2023-01-19 오후 6:39:12 | 작업 시작!
2023-01-19 오후 6:39:12 | 그리드 세팅 작업 시작!
2023-01-19 오후 6:39:12 | 그리드 세팅 완료!
2023-01-19 오후 6:39:16 | 조회 버튼 클릭!
2023-01-19 오후 6:39:18 | 브라우저 열기!
2023-01-19 오후 6:39:25 | 조회일자 확인!
2023-01-19 오후 6:39:27 | 조회일자와 오늘 날짜가 같기 때문에 데이터 자동 수집 시작!
2023-01-19 오후 6:39:27 | 평가사 평균 콤보박스 세팅!
2023-01-19 오후 6:39:28 | 체크할 평가사 확인 : 나이스
피앤아이
2023-01-19 오후 6:39:28 | 나이스
피앤아이클릭 진행!
2023-01-19 오후 6:39:29 | 체크할 평가사 확인 : 한국
자산평가
2023-01-19 오후 6:39:29 | 한국
자산평가클릭 진행!
2023-01-19 오후 6:39:29 | 체크할 평가사 확인 : KIS
자산평가
2023-01-19 오후 6:39:29 | KIS
자산평가클릭 진행!
2023-01-19 오후 6:39:30 | 체크할 평가사 확인 : 에프앤
자산평가
2023-01-19 오후 6:39:30 | 에프앤
자산평가클릭 진행!
2023-01-19 오후 6:39:31 | 조회 버튼 클릭!
2023-01-19 오후 6:39:32 | 엑셀 다운로드 완료!
2023-01-19 오후 6:39:34 | 다운로드 폴더에서 실행 폴더로 파일 복사!
2023-01-19 오후 6:39:34 | 데이터 자동 수집 진행 시작!
2023-01-19 오후 6:41:38 | 데이터 자동 수집 진행 완료!
