2023-03-07 오후 6:07:13 | 작업 시작!
2023-03-07 오후 6:07:13 | 그리드 세팅 작업 시작!
2023-03-07 오후 6:07:14 | 그리드 세팅 완료!
2023-03-07 오후 6:07:19 | 조회 버튼 클릭!
2023-03-07 오후 6:07:21 | 브라우저 열기!
2023-03-07 오후 6:07:28 | 조회일자 확인!
2023-03-07 오후 6:07:28 | 조회일자와 오늘 날짜가 같기 때문에 데이터 자동 수집 시작!
2023-03-07 오후 6:07:28 | 평가사 평균 콤보박스 세팅!
2023-03-07 오후 6:07:29 | 체크할 평가사 확인 : 나이스
피앤아이
2023-03-07 오후 6:07:29 | 나이스
피앤아이클릭 진행!
2023-03-07 오후 6:07:30 | 체크할 평가사 확인 : 한국
자산평가
2023-03-07 오후 6:07:30 | 한국
자산평가클릭 진행!
2023-03-07 오후 6:07:30 | 체크할 평가사 확인 : KIS
자산평가
2023-03-07 오후 6:07:30 | KIS
자산평가클릭 진행!
2023-03-07 오후 6:07:31 | 체크할 평가사 확인 : 에프앤
자산평가
2023-03-07 오후 6:07:31 | 에프앤
자산평가클릭 진행!
2023-03-07 오후 6:07:32 | 조회 버튼 클릭!
2023-03-07 오후 6:07:33 | 엑셀 다운로드 완료!
2023-03-07 오후 6:07:36 | 다운로드 폴더에서 실행 폴더로 파일 복사!
2023-03-07 오후 6:07:36 | 데이터 자동 수집 진행 시작!
2023-03-07 오후 6:10:25 | 데이터 자동 수집 진행 완료!
