2023-03-08 오후 5:56:20 | 작업 시작!
2023-03-08 오후 5:56:20 | 그리드 세팅 작업 시작!
2023-03-08 오후 5:56:20 | 그리드 세팅 완료!
2023-03-08 오후 5:56:23 | 조회 버튼 클릭!
2023-03-08 오후 5:56:26 | 브라우저 열기!
2023-03-08 오후 5:56:32 | 조회일자 확인!
2023-03-08 오후 5:56:32 | 조회일자와 오늘 날짜가 같기 때문에 데이터 자동 수집 시작!
2023-03-08 오후 5:56:33 | 평가사 평균 콤보박스 세팅!
2023-03-08 오후 5:56:34 | 체크할 평가사 확인 : 나이스
피앤아이
2023-03-08 오후 5:56:34 | 나이스
피앤아이클릭 진행!
2023-03-08 오후 5:56:34 | 체크할 평가사 확인 : 한국
자산평가
2023-03-08 오후 5:56:34 | 한국
자산평가클릭 진행!
2023-03-08 오후 5:56:35 | 체크할 평가사 확인 : KIS
자산평가
2023-03-08 오후 5:56:35 | KIS
자산평가클릭 진행!
2023-03-08 오후 5:56:35 | 체크할 평가사 확인 : 에프앤
자산평가
2023-03-08 오후 5:56:36 | 에프앤
자산평가클릭 진행!
2023-03-08 오후 5:56:36 | 조회 버튼 클릭!
2023-03-08 오후 5:56:37 | 엑셀 다운로드 완료!
2023-03-08 오후 5:56:40 | 다운로드 폴더에서 실행 폴더로 파일 복사!
2023-03-08 오후 5:56:40 | 데이터 자동 수집 진행 시작!
2023-03-08 오후 5:57:26 | 데이터 자동 수집 진행 완료!
