2023-03-13 오후 6:22:43 | 작업 시작!
2023-03-13 오후 6:22:43 | 그리드 세팅 작업 시작!
2023-03-13 오후 6:22:44 | 그리드 세팅 완료!
2023-03-13 오후 6:22:47 | 조회 버튼 클릭!
2023-03-13 오후 6:22:49 | 브라우저 열기!
2023-03-13 오후 6:22:56 | 조회일자 확인!
2023-03-13 오후 6:22:56 | 조회일자와 오늘 날짜가 같기 때문에 데이터 자동 수집 시작!
2023-03-13 오후 6:22:56 | 평가사 평균 콤보박스 세팅!
2023-03-13 오후 6:22:57 | 체크할 평가사 확인 : 나이스
피앤아이
2023-03-13 오후 6:22:57 | 나이스
피앤아이클릭 진행!
2023-03-13 오후 6:22:57 | 체크할 평가사 확인 : 한국
자산평가
2023-03-13 오후 6:22:57 | 한국
자산평가클릭 진행!
2023-03-13 오후 6:22:58 | 체크할 평가사 확인 : KIS
자산평가
2023-03-13 오후 6:22:58 | KIS
자산평가클릭 진행!
2023-03-13 오후 6:22:59 | 체크할 평가사 확인 : 에프앤
자산평가
2023-03-13 오후 6:22:59 | 에프앤
자산평가클릭 진행!
2023-03-13 오후 6:22:59 | 조회 버튼 클릭!
2023-03-13 오후 6:23:01 | 엑셀 다운로드 완료!
2023-03-13 오후 6:23:03 | 다운로드 폴더에서 실행 폴더로 파일 복사!
2023-03-13 오후 6:23:03 | 데이터 자동 수집 진행 시작!
2023-03-13 오후 6:25:27 | 데이터 자동 수집 진행 완료!
