2023-03-30 오후 6:15:02 | 작업 시작!
2023-03-30 오후 6:15:02 | 그리드 세팅 작업 시작!
2023-03-30 오후 6:15:03 | 그리드 세팅 완료!
2023-03-30 오후 6:15:09 | 조회 버튼 클릭!
2023-03-30 오후 6:15:11 | 브라우저 열기!
2023-03-30 오후 6:15:18 | 조회일자 확인!
2023-03-30 오후 6:15:18 | 조회일자와 오늘 날짜가 같기 때문에 데이터 자동 수집 시작!
2023-03-30 오후 6:15:18 | 평가사 평균 콤보박스 세팅!
2023-03-30 오후 6:15:19 | 체크할 평가사 확인 : 나이스
피앤아이
2023-03-30 오후 6:15:19 | 나이스
피앤아이클릭 진행!
2023-03-30 오후 6:15:20 | 체크할 평가사 확인 : 한국
자산평가
2023-03-30 오후 6:15:20 | 한국
자산평가클릭 진행!
2023-03-30 오후 6:15:20 | 체크할 평가사 확인 : KIS
자산평가
2023-03-30 오후 6:15:20 | KIS
자산평가클릭 진행!
2023-03-30 오후 6:15:21 | 체크할 평가사 확인 : 에프앤
자산평가
2023-03-30 오후 6:15:21 | 에프앤
자산평가클릭 진행!
2023-03-30 오후 6:15:22 | 조회 버튼 클릭!
2023-03-30 오후 6:15:23 | 엑셀 다운로드 완료!
2023-03-30 오후 6:15:25 | 다운로드 폴더에서 실행 폴더로 파일 복사!
2023-03-30 오후 6:15:25 | 데이터 자동 수집 진행 시작!
2023-03-30 오후 6:16:25 | 데이터 자동 수집 진행 완료!
