2023-02-23 오후 6:10:58 | 작업 시작!
2023-02-23 오후 6:10:58 | 그리드 세팅 작업 시작!
2023-02-23 오후 6:10:59 | 그리드 세팅 완료!
2023-02-23 오후 6:11:02 | 조회 버튼 클릭!
2023-02-23 오후 6:11:05 | 브라우저 열기!
2023-02-23 오후 6:11:11 | 조회일자 확인!
2023-02-23 오후 6:11:11 | 조회일자와 오늘 날짜가 같기 때문에 데이터 자동 수집 시작!
2023-02-23 오후 6:11:11 | 평가사 평균 콤보박스 세팅!
2023-02-23 오후 6:11:12 | 체크할 평가사 확인 : 나이스
피앤아이
2023-02-23 오후 6:11:12 | 나이스
피앤아이클릭 진행!
2023-02-23 오후 6:11:13 | 체크할 평가사 확인 : 한국
자산평가
2023-02-23 오후 6:11:13 | 한국
자산평가클릭 진행!
2023-02-23 오후 6:11:13 | 체크할 평가사 확인 : KIS
자산평가
2023-02-23 오후 6:11:14 | KIS
자산평가클릭 진행!
2023-02-23 오후 6:11:14 | 체크할 평가사 확인 : 에프앤
자산평가
2023-02-23 오후 6:11:14 | 에프앤
자산평가클릭 진행!
2023-02-23 오후 6:11:15 | 조회 버튼 클릭!
2023-02-23 오후 6:11:16 | 엑셀 다운로드 완료!
2023-02-23 오후 6:11:19 | 다운로드 폴더에서 실행 폴더로 파일 복사!
2023-02-23 오후 6:11:19 | 데이터 자동 수집 진행 시작!
2023-02-23 오후 6:12:09 | 데이터 자동 수집 진행 완료!
