2023-03-02 오전 9:25:38 | 작업 시작!
2023-03-02 오전 9:25:38 | 그리드 세팅 작업 시작!
2023-03-02 오전 9:25:39 | 그리드 세팅 완료!
2023-03-02 오전 9:25:42 | 조회 버튼 클릭!
2023-03-02 오전 9:25:44 | 브라우저 열기!
2023-03-02 오전 9:25:51 | 조회일자 확인!
2023-03-02 오전 9:25:51 | 조회일자와 오늘 날짜가 같기 때문에 데이터 자동 수집 시작!
2023-03-02 오전 9:25:51 | 평가사 평균 콤보박스 세팅!
2023-03-02 오전 9:25:52 | 체크할 평가사 확인 : 나이스
피앤아이
2023-03-02 오전 9:25:52 | 나이스
피앤아이클릭 진행!
2023-03-02 오전 9:25:53 | 체크할 평가사 확인 : 한국
자산평가
2023-03-02 오전 9:25:53 | 한국
자산평가클릭 진행!
2023-03-02 오전 9:25:53 | 체크할 평가사 확인 : KIS
자산평가
2023-03-02 오전 9:25:53 | KIS
자산평가클릭 진행!
2023-03-02 오전 9:25:54 | 체크할 평가사 확인 : 에프앤
자산평가
2023-03-02 오전 9:25:54 | 에프앤
자산평가클릭 진행!
2023-03-02 오전 9:25:55 | 조회 버튼 클릭!
2023-03-02 오전 9:25:56 | 엑셀 다운로드 완료!
2023-03-02 오전 9:25:58 | 다운로드 폴더에서 실행 폴더로 파일 복사!
2023-03-02 오전 9:25:58 | 데이터 자동 수집 진행 시작!
2023-03-02 오전 9:26:56 | 데이터 자동 수집 진행 완료!
