2023-03-14 오후 6:28:29 | 작업 시작!
2023-03-14 오후 6:28:29 | 그리드 세팅 작업 시작!
2023-03-14 오후 6:28:29 | 그리드 세팅 완료!
2023-03-14 오후 6:28:34 | 조회 버튼 클릭!
2023-03-14 오후 6:28:37 | 브라우저 열기!
2023-03-14 오후 6:28:43 | 조회일자 확인!
2023-03-14 오후 6:28:43 | 조회일자와 오늘 날짜가 같기 때문에 데이터 자동 수집 시작!
2023-03-14 오후 6:28:43 | 평가사 평균 콤보박스 세팅!
2023-03-14 오후 6:28:44 | 체크할 평가사 확인 : 나이스
피앤아이
2023-03-14 오후 6:28:44 | 나이스
피앤아이클릭 진행!
2023-03-14 오후 6:28:45 | 체크할 평가사 확인 : 한국
자산평가
2023-03-14 오후 6:28:45 | 한국
자산평가클릭 진행!
2023-03-14 오후 6:28:46 | 체크할 평가사 확인 : KIS
자산평가
2023-03-14 오후 6:28:46 | KIS
자산평가클릭 진행!
2023-03-14 오후 6:28:46 | 체크할 평가사 확인 : 에프앤
자산평가
2023-03-14 오후 6:28:46 | 에프앤
자산평가클릭 진행!
2023-03-14 오후 6:28:47 | 조회 버튼 클릭!
2023-03-14 오후 6:28:48 | 엑셀 다운로드 완료!
2023-03-14 오후 6:28:51 | 다운로드 폴더에서 실행 폴더로 파일 복사!
2023-03-14 오후 6:28:51 | 데이터 자동 수집 진행 시작!
2023-03-14 오후 6:29:33 | 데이터 자동 수집 진행 완료!
