2023-04-21 오후 8:34:39 | 작업 시작!
2023-04-21 오후 8:34:39 | 그리드 세팅 작업 시작!
2023-04-21 오후 8:34:40 | 그리드 세팅 완료!
2023-04-21 오후 8:34:45 | 조회 버튼 클릭!
2023-04-21 오후 8:34:48 | 브라우저 열기!
2023-04-21 오후 8:34:54 | 조회일자 확인!
2023-04-21 오후 8:34:54 | 조회일자와 오늘 날짜가 같기 때문에 데이터 자동 수집 시작!
2023-04-21 오후 8:34:54 | 평가사 평균 콤보박스 세팅!
2023-04-21 오후 8:34:55 | 체크할 평가사 확인 : 나이스
피앤아이
2023-04-21 오후 8:34:55 | 나이스
피앤아이클릭 진행!
2023-04-21 오후 8:34:56 | 체크할 평가사 확인 : 한국
자산평가
2023-04-21 오후 8:34:56 | 한국
자산평가클릭 진행!
2023-04-21 오후 8:34:57 | 체크할 평가사 확인 : KIS
자산평가
2023-04-21 오후 8:34:57 | KIS
자산평가클릭 진행!
2023-04-21 오후 8:34:57 | 체크할 평가사 확인 : 에프앤
자산평가
2023-04-21 오후 8:34:57 | 에프앤
자산평가클릭 진행!
2023-04-21 오후 8:34:58 | 조회 버튼 클릭!
2023-04-21 오후 8:34:59 | 엑셀 다운로드 완료!
2023-04-21 오후 8:35:02 | 다운로드 폴더에서 실행 폴더로 파일 복사!
2023-04-21 오후 8:35:02 | 데이터 자동 수집 진행 시작!
2023-04-21 오후 8:36:44 | 데이터 자동 수집 진행 완료!
