2023-02-03 오후 6:08:53 | 작업 시작!
2023-02-03 오후 6:08:53 | 그리드 세팅 작업 시작!
2023-02-03 오후 6:08:54 | 그리드 세팅 완료!
2023-02-03 오후 6:09:00 | 조회 버튼 클릭!
2023-02-03 오후 6:09:03 | 브라우저 열기!
2023-02-03 오후 6:09:09 | 조회일자 확인!
2023-02-03 오후 6:09:09 | 조회일자와 오늘 날짜가 같기 때문에 데이터 자동 수집 시작!
2023-02-03 오후 6:09:09 | 평가사 평균 콤보박스 세팅!
2023-02-03 오후 6:09:10 | 체크할 평가사 확인 : 나이스
피앤아이
2023-02-03 오후 6:09:10 | 나이스
피앤아이클릭 진행!
2023-02-03 오후 6:09:11 | 체크할 평가사 확인 : 한국
자산평가
2023-02-03 오후 6:09:11 | 한국
자산평가클릭 진행!
2023-02-03 오후 6:09:11 | 체크할 평가사 확인 : KIS
자산평가
2023-02-03 오후 6:09:12 | KIS
자산평가클릭 진행!
2023-02-03 오후 6:09:12 | 체크할 평가사 확인 : 에프앤
자산평가
2023-02-03 오후 6:09:12 | 에프앤
자산평가클릭 진행!
2023-02-03 오후 6:09:13 | 조회 버튼 클릭!
2023-02-03 오후 6:09:14 | 엑셀 다운로드 완료!
2023-02-03 오후 6:09:17 | 다운로드 폴더에서 실행 폴더로 파일 복사!
2023-02-03 오후 6:09:17 | 데이터 자동 수집 진행 시작!
2023-02-03 오후 6:10:40 | 데이터 자동 수집 진행 완료!
