2023-01-25 오후 6:38:28 | 작업 시작!
2023-01-25 오후 6:38:28 | 그리드 세팅 작업 시작!
2023-01-25 오후 6:38:28 | 그리드 세팅 완료!
2023-01-25 오후 6:38:33 | 조회 버튼 클릭!
2023-01-25 오후 6:38:36 | 브라우저 열기!
2023-01-25 오후 6:38:42 | 조회일자 확인!
2023-01-25 오후 6:38:48 | 조회일자와 오늘 날짜가 같기 때문에 데이터 자동 수집 시작!
2023-01-25 오후 6:38:48 | 평가사 평균 콤보박스 세팅!
2023-01-25 오후 6:38:49 | 체크할 평가사 확인 : 나이스
피앤아이
2023-01-25 오후 6:38:50 | 나이스
피앤아이클릭 진행!
2023-01-25 오후 6:38:50 | 체크할 평가사 확인 : 한국
자산평가
2023-01-25 오후 6:38:50 | 한국
자산평가클릭 진행!
2023-01-25 오후 6:38:51 | 체크할 평가사 확인 : KIS
자산평가
2023-01-25 오후 6:38:51 | KIS
자산평가클릭 진행!
2023-01-25 오후 6:38:51 | 체크할 평가사 확인 : 에프앤
자산평가
2023-01-25 오후 6:38:51 | 에프앤
자산평가클릭 진행!
2023-01-25 오후 6:38:52 | 조회 버튼 클릭!
2023-01-25 오후 6:38:53 | 엑셀 다운로드 완료!
2023-01-25 오후 6:38:56 | 다운로드 폴더에서 실행 폴더로 파일 복사!
2023-01-25 오후 6:38:56 | 데이터 자동 수집 진행 시작!
2023-01-25 오후 6:39:51 | 데이터 자동 수집 진행 완료!
