2023-02-20 오후 1:03:24 | 작업 시작!
2023-02-20 오후 1:03:24 | 그리드 세팅 작업 시작!
2023-02-20 오후 1:03:25 | 그리드 세팅 완료!
2023-02-20 오후 1:03:40 | 조회 버튼 클릭!
2023-02-20 오후 1:03:43 | 브라우저 열기!
2023-02-20 오후 1:03:49 | 조회일자 확인!
2023-02-20 오후 1:03:49 | 조회일자와 오늘 날짜가 같기 때문에 데이터 자동 수집 시작!
2023-02-20 오후 1:03:50 | 평가사 평균 콤보박스 세팅!
2023-02-20 오후 1:03:51 | 체크할 평가사 확인 : 나이스
피앤아이
2023-02-20 오후 1:03:51 | 나이스
피앤아이클릭 진행!
2023-02-20 오후 1:03:51 | 체크할 평가사 확인 : 한국
자산평가
2023-02-20 오후 1:03:51 | 한국
자산평가클릭 진행!
2023-02-20 오후 1:03:52 | 체크할 평가사 확인 : KIS
자산평가
2023-02-20 오후 1:03:52 | KIS
자산평가클릭 진행!
2023-02-20 오후 1:03:52 | 체크할 평가사 확인 : 에프앤
자산평가
2023-02-20 오후 1:03:52 | 에프앤
자산평가클릭 진행!
2023-02-20 오후 1:03:53 | 조회 버튼 클릭!
2023-02-20 오후 1:03:54 | 엑셀 다운로드 완료!
2023-02-20 오후 1:03:57 | 다운로드 폴더에서 실행 폴더로 파일 복사!
2023-02-20 오후 1:03:57 | 데이터 자동 수집 진행 시작!
2023-02-20 오후 1:07:13 | 데이터 자동 수집 진행 완료!
